# JRE version: OpenJDK Runtime Environment Temurin-17.0.2+8 (17.0.2+8) (build 17.0.2+8)
# Java VM: OpenJDK 64-Bit Server VM Temurin-17.0.2+8 (17.0.2+8, mixed mode, tiered, compressed oops, compressed class ptrs, parallel gc, windows-amd64)
GC Precious Log:
 CPUs: 12 total, 12 available
 Memory: 16308M
 Large Page Support: Disabled
 NUMA Support: Disabled
 Compressed Oops: Enabled (32-bit)
 Alignments: Space 512K, Generation 512K, Heap 2M
 Heap Min Capacity: 100M
 Heap Initial Capacity: 100M
 Heap Max Capacity: 1G
 Pre-touch: Disabled
 Parallel Workers: 10
Heap:
 PSYoungGen      total 26112K, used 17208K [0x00000000eab00000, 0x00000000ec900000, 0x0000000100000000)
  eden space 22016K, 61% used [0x00000000eab00000,0x00000000eb837468,0x00000000ec080000)
  from space 4096K, 89% used [0x00000000ec500000,0x00000000ec896c30,0x00000000ec900000)
  to   space 4096K, 0% used [0x00000000ec100000,0x00000000ec100000,0x00000000ec500000)
 ParOldGen       total 68608K, used 37350K [0x00000000c0000000, 0x00000000c4300000, 0x00000000eab00000)
  object space 68608K, 54% used [0x00000000c0000000,0x00000000c2479ac8,0x00000000c4300000)
 Metaspace       used 51696K, committed 52544K, reserved 1097728K
  class space    used 5657K, committed 6016K, reserved 1048576K
GC Heap History (20 events):
Event: 2.244 GC heap before
{Heap before GC invocations=8 (full 2):
 PSYoungGen      total 29696K, used 25600K [0x00000000eab00000, 0x00000000ecf00000, 0x0000000100000000)
  eden space 25600K, 100% used [0x00000000eab00000,0x00000000ec400000,0x00000000ec400000)
  from space 4096K, 0% used [0x00000000ec400000,0x00000000ec400000,0x00000000ec800000)
  to   space 5632K, 0% used [0x00000000ec980000,0x00000000ec980000,0x00000000ecf00000)
 ParOldGen       total 68608K, used 13038K [0x00000000c0000000, 0x00000000c4300000, 0x00000000eab00000)
  object space 68608K, 19% used [0x00000000c0000000,0x00000000c0cbbb10,0x00000000c4300000)
 Metaspace       used 37337K, committed 38080K, reserved 1089536K
  class space    used 3932K, committed 4288K, reserved 1048576K
}
Event: 2.246 GC heap after
{Heap after GC invocations=8 (full 2):
 PSYoungGen      total 28160K, used 3008K [0x00000000eab00000, 0x00000000ecc80000, 0x0000000100000000)
  eden space 25088K, 0% used [0x00000000eab00000,0x00000000eab00000,0x00000000ec380000)
  from space 3072K, 97% used [0x00000000ec980000,0x00000000ecc70020,0x00000000ecc80000)
  to   space 4096K, 0% used [0x00000000ec480000,0x00000000ec480000,0x00000000ec880000)
 ParOldGen       total 68608K, used 13046K [0x00000000c0000000, 0x00000000c4300000, 0x00000000eab00000)
  object space 68608K, 19% used [0x00000000c0000000,0x00000000c0cbdb10,0x00000000c4300000)
 Metaspace       used 37337K, committed 38080K, reserved 1089536K
  class space    used 3932K, committed 4288K, reserved 1048576K
}
Event: 2.355 GC heap before
{Heap before GC invocations=9 (full 2):
 PSYoungGen      total 28160K, used 28096K [0x00000000eab00000, 0x00000000ecc80000, 0x0000000100000000)
  eden space 25088K, 100% used [0x00000000eab00000,0x00000000ec380000,0x00000000ec380000)
  from space 3072K, 97% used [0x00000000ec980000,0x00000000ecc70020,0x00000000ecc80000)
  to   space 4096K, 0% used [0x00000000ec480000,0x00000000ec480000,0x00000000ec880000)
 ParOldGen       total 68608K, used 13046K [0x00000000c0000000, 0x00000000c4300000, 0x00000000eab00000)
  object space 68608K, 19% used [0x00000000c0000000,0x00000000c0cbdb10,0x00000000c4300000)
 Metaspace       used 37520K, committed 38208K, reserved 1089536K
  class space    used 3949K, committed 4288K, reserved 1048576K
}
Event: 2.358 GC heap after
{Heap after GC invocations=9 (full 2):
 PSYoungGen      total 28672K, used 4064K [0x00000000eab00000, 0x00000000ece00000, 0x0000000100000000)
  eden space 24576K, 0% used [0x00000000eab00000,0x00000000eab00000,0x00000000ec300000)
  from space 4096K, 99% used [0x00000000ec480000,0x00000000ec878010,0x00000000ec880000)
  to   space 5632K, 0% used [0x00000000ec880000,0x00000000ec880000,0x00000000ece00000)
 ParOldGen       total 68608K, used 14094K [0x00000000c0000000, 0x00000000c4300000, 0x00000000eab00000)
  object space 68608K, 20% used [0x00000000c0000000,0x00000000c0dc3b30,0x00000000c4300000)
 Metaspace       used 37520K, committed 38208K, reserved 1089536K
  class space    used 3949K, committed 4288K, reserved 1048576K
}
Event: 2.416 GC heap before
{Heap before GC invocations=10 (full 2):
 PSYoungGen      total 28672K, used 28640K [0x00000000eab00000, 0x00000000ece00000, 0x0000000100000000)
  eden space 24576K, 100% used [0x00000000eab00000,0x00000000ec300000,0x00000000ec300000)
  from space 4096K, 99% used [0x00000000ec480000,0x00000000ec878010,0x00000000ec880000)
  to   space 5632K, 0% used [0x00000000ec880000,0x00000000ec880000,0x00000000ece00000)
 ParOldGen       total 68608K, used 14094K [0x00000000c0000000, 0x00000000c4300000, 0x00000000eab00000)
  object space 68608K, 20% used [0x00000000c0000000,0x00000000c0dc3b30,0x00000000c4300000)
 Metaspace       used 37582K, committed 38272K, reserved 1089536K
  class space    used 3961K, committed 4288K, reserved 1048576K
}
Event: 2.419 GC heap after
{Heap after GC invocations=10 (full 2):
 PSYoungGen      total 28160K, used 5600K [0x00000000eab00000, 0x00000000ed180000, 0x0000000100000000)
  eden space 22528K, 0% used [0x00000000eab00000,0x00000000eab00000,0x00000000ec100000)
  from space 5632K, 99% used [0x00000000ec880000,0x00000000ecdf8020,0x00000000ece00000)
  to   space 7680K, 0% used [0x00000000ec100000,0x00000000ec100000,0x00000000ec880000)
 ParOldGen       total 68608K, used 15435K [0x00000000c0000000, 0x00000000c4300000, 0x00000000eab00000)
  object space 68608K, 22% used [0x00000000c0000000,0x00000000c0f12ea8,0x00000000c4300000)
 Metaspace       used 37582K, committed 38272K, reserved 1089536K
  class space    used 3961K, committed 4288K, reserved 1048576K
}
Event: 2.463 GC heap before
{Heap before GC invocations=11 (full 2):
 PSYoungGen      total 28160K, used 28128K [0x00000000eab00000, 0x00000000ed180000, 0x0000000100000000)
  eden space 22528K, 100% used [0x00000000eab00000,0x00000000ec100000,0x00000000ec100000)
  from space 5632K, 99% used [0x00000000ec880000,0x00000000ecdf8020,0x00000000ece00000)
  to   space 7680K, 0% used [0x00000000ec100000,0x00000000ec100000,0x00000000ec880000)
 ParOldGen       total 68608K, used 15435K [0x00000000c0000000, 0x00000000c4300000, 0x00000000eab00000)
  object space 68608K, 22% used [0x00000000c0000000,0x00000000c0f12ea8,0x00000000c4300000)
 Metaspace       used 37582K, committed 38272K, reserved 1089536K
  class space    used 3961K, committed 4288K, reserved 1048576K
}
Event: 2.466 GC heap after
{Heap after GC invocations=11 (full 2):
 PSYoungGen      total 28672K, used 6336K [0x00000000eab00000, 0x00000000ecd80000, 0x0000000100000000)
  eden space 22016K, 0% used [0x00000000eab00000,0x00000000eab00000,0x00000000ec080000)
  from space 6656K, 95% used [0x00000000ec100000,0x00000000ec730020,0x00000000ec780000)
  to   space 6144K, 0% used [0x00000000ec780000,0x00000000ec780000,0x00000000ecd80000)
 ParOldGen       total 68608K, used 17161K [0x00000000c0000000, 0x00000000c4300000, 0x00000000eab00000)
  object space 68608K, 25% used [0x00000000c0000000,0x00000000c10c2548,0x00000000c4300000)
 Metaspace       used 37582K, committed 38272K, reserved 1089536K
  class space    used 3961K, committed 4288K, reserved 1048576K
}
Event: 2.493 GC heap before
{Heap before GC invocations=12 (full 2):
 PSYoungGen      total 28672K, used 28352K [0x00000000eab00000, 0x00000000ecd80000, 0x0000000100000000)
  eden space 22016K, 100% used [0x00000000eab00000,0x00000000ec080000,0x00000000ec080000)
  from space 6656K, 95% used [0x00000000ec100000,0x00000000ec730020,0x00000000ec780000)
  to   space 6144K, 0% used [0x00000000ec780000,0x00000000ec780000,0x00000000ecd80000)
 ParOldGen       total 68608K, used 17161K [0x00000000c0000000, 0x00000000c4300000, 0x00000000eab00000)
  object space 68608K, 25% used [0x00000000c0000000,0x00000000c10c2548,0x00000000c4300000)
 Metaspace       used 37582K, committed 38272K, reserved 1089536K
  class space    used 3961K, committed 4288K, reserved 1048576K
}
Event: 2.497 GC heap after
{Heap after GC invocations=12 (full 2):
 PSYoungGen      total 27136K, used 4704K [0x00000000eab00000, 0x00000000ecc80000, 0x0000000100000000)
  eden space 22016K, 0% used [0x00000000eab00000,0x00000000eab00000,0x00000000ec080000)
  from space 5120K, 91% used [0x00000000ec780000,0x00000000ecc18010,0x00000000ecc80000)
  to   space 5632K, 0% used [0x00000000ec180000,0x00000000ec180000,0x00000000ec700000)
 ParOldGen       total 68608K, used 20988K [0x00000000c0000000, 0x00000000c4300000, 0x00000000eab00000)
  object space 68608K, 30% used [0x00000000c0000000,0x00000000c147f358,0x00000000c4300000)
 Metaspace       used 37582K, committed 38272K, reserved 1089536K
  class space    used 3961K, committed 4288K, reserved 1048576K
}
Event: 2.801 GC heap before
{Heap before GC invocations=13 (full 2):
 PSYoungGen      total 27136K, used 26720K [0x00000000eab00000, 0x00000000ecc80000, 0x0000000100000000)
  eden space 22016K, 100% used [0x00000000eab00000,0x00000000ec080000,0x00000000ec080000)
  from space 5120K, 91% used [0x00000000ec780000,0x00000000ecc18010,0x00000000ecc80000)
  to   space 5632K, 0% used [0x00000000ec180000,0x00000000ec180000,0x00000000ec700000)
 ParOldGen       total 68608K, used 20988K [0x00000000c0000000, 0x00000000c4300000, 0x00000000eab00000)
  object space 68608K, 30% used [0x00000000c0000000,0x00000000c147f358,0x00000000c4300000)
 Metaspace       used 40683K, committed 41408K, reserved 1089536K
  class space    used 4378K, committed 4736K, reserved 1048576K
}
Event: 2.804 GC heap after
{Heap after GC invocations=13 (full 2):
 PSYoungGen      total 24064K, used 1999K [0x00000000eab00000, 0x00000000ec800000, 0x0000000100000000)
  eden space 22016K, 0% used [0x00000000eab00000,0x00000000eab00000,0x00000000ec080000)
  from space 2048K, 97% used [0x00000000ec180000,0x00000000ec373d50,0x00000000ec380000)
  to   space 3584K, 0% used [0x00000000ec480000,0x00000000ec480000,0x00000000ec800000)
 ParOldGen       total 68608K, used 25559K [0x00000000c0000000, 0x00000000c4300000, 0x00000000eab00000)
  object space 68608K, 37% used [0x00000000c0000000,0x00000000c18f5f40,0x00000000c4300000)
 Metaspace       used 40683K, committed 41408K, reserved 1089536K
  class space    used 4378K, committed 4736K, reserved 1048576K
}
Event: 3.115 GC heap before
{Heap before GC invocations=14 (full 2):
 PSYoungGen      total 24064K, used 24015K [0x00000000eab00000, 0x00000000ec800000, 0x0000000100000000)
  eden space 22016K, 100% used [0x00000000eab00000,0x00000000ec080000,0x00000000ec080000)
  from space 2048K, 97% used [0x00000000ec180000,0x00000000ec373d50,0x00000000ec380000)
  to   space 3584K, 0% used [0x00000000ec480000,0x00000000ec480000,0x00000000ec800000)
 ParOldGen       total 68608K, used 25559K [0x00000000c0000000, 0x00000000c4300000, 0x00000000eab00000)
  object space 68608K, 37% used [0x00000000c0000000,0x00000000c18f5f40,0x00000000c4300000)
 Metaspace       used 45069K, committed 45824K, reserved 1089536K
  class space    used 4930K, committed 5312K, reserved 1048576K
}
Event: 3.117 GC heap after
{Heap after GC invocations=14 (full 2):
 PSYoungGen      total 24576K, used 2503K [0x00000000eab00000, 0x00000000ec700000, 0x0000000100000000)
  eden space 22016K, 0% used [0x00000000eab00000,0x00000000eab00000,0x00000000ec080000)
  from space 2560K, 97% used [0x00000000ec480000,0x00000000ec6f1fd8,0x00000000ec700000)
  to   space 3072K, 0% used [0x00000000ec100000,0x00000000ec100000,0x00000000ec400000)
 ParOldGen       total 68608K, used 27175K [0x00000000c0000000, 0x00000000c4300000, 0x00000000eab00000)
  object space 68608K, 39% used [0x00000000c0000000,0x00000000c1a89f50,0x00000000c4300000)
 Metaspace       used 45069K, committed 45824K, reserved 1089536K
  class space    used 4930K, committed 5312K, reserved 1048576K
}
Event: 3.393 GC heap before
{Heap before GC invocations=15 (full 2):
 PSYoungGen      total 24576K, used 24488K [0x00000000eab00000, 0x00000000ec700000, 0x0000000100000000)
  eden space 22016K, 99% used [0x00000000eab00000,0x00000000ec0780f0,0x00000000ec080000)
  from space 2560K, 97% used [0x00000000ec480000,0x00000000ec6f1fd8,0x00000000ec700000)
  to   space 3072K, 0% used [0x00000000ec100000,0x00000000ec100000,0x00000000ec400000)
 ParOldGen       total 68608K, used 27175K [0x00000000c0000000, 0x00000000c4300000, 0x00000000eab00000)
  object space 68608K, 39% used [0x00000000c0000000,0x00000000c1a89f50,0x00000000c4300000)
 Metaspace       used 48088K, committed 48960K, reserved 1097728K
  class space    used 5277K, committed 5696K, reserved 1048576K
}
Event: 3.395 GC heap after
{Heap after GC invocations=15 (full 2):
 PSYoungGen      total 24064K, used 1591K [0x00000000eab00000, 0x00000000ec500000, 0x0000000100000000)
  eden space 22016K, 0% used [0x00000000eab00000,0x00000000eab00000,0x00000000ec080000)
  from space 2048K, 77% used [0x00000000ec100000,0x00000000ec28df50,0x00000000ec300000)
  to   space 2048K, 0% used [0x00000000ec300000,0x00000000ec300000,0x00000000ec500000)
 ParOldGen       total 68608K, used 29417K [0x00000000c0000000, 0x00000000c4300000, 0x00000000eab00000)
  object space 68608K, 42% used [0x00000000c0000000,0x00000000c1cba4d0,0x00000000c4300000)
 Metaspace       used 48088K, committed 48960K, reserved 1097728K
  class space    used 5277K, committed 5696K, reserved 1048576K
}
Event: 3.722 GC heap before
{Heap before GC invocations=16 (full 2):
 PSYoungGen      total 24064K, used 23607K [0x00000000eab00000, 0x00000000ec500000, 0x0000000100000000)
  eden space 22016K, 99% used [0x00000000eab00000,0x00000000ec07fff0,0x00000000ec080000)
  from space 2048K, 77% used [0x00000000ec100000,0x00000000ec28df50,0x00000000ec300000)
  to   space 2048K, 0% used [0x00000000ec300000,0x00000000ec300000,0x00000000ec500000)
 ParOldGen       total 68608K, used 29417K [0x00000000c0000000, 0x00000000c4300000, 0x00000000eab00000)
  object space 68608K, 42% used [0x00000000c0000000,0x00000000c1cba4d0,0x00000000c4300000)
 Metaspace       used 50740K, committed 51712K, reserved 1097728K
  class space    used 5552K, committed 6016K, reserved 1048576K
}
Event: 3.723 GC heap after
{Heap after GC invocations=16 (full 2):
 PSYoungGen      total 24064K, used 1927K [0x00000000eab00000, 0x00000000ec500000, 0x0000000100000000)
  eden space 22016K, 0% used [0x00000000eab00000,0x00000000eab00000,0x00000000ec080000)
  from space 2048K, 94% used [0x00000000ec300000,0x00000000ec4e1c68,0x00000000ec500000)
  to   space 2048K, 0% used [0x00000000ec100000,0x00000000ec100000,0x00000000ec300000)
 ParOldGen       total 68608K, used 30838K [0x00000000c0000000, 0x00000000c4300000, 0x00000000eab00000)
  object space 68608K, 44% used [0x00000000c0000000,0x00000000c1e1dbf0,0x00000000c4300000)
 Metaspace       used 50740K, committed 51712K, reserved 1097728K
  class space    used 5552K, committed 6016K, reserved 1048576K
}
Event: 3.781 GC heap before
{Heap before GC invocations=17 (full 2):
 PSYoungGen      total 24064K, used 23943K [0x00000000eab00000, 0x00000000ec500000, 0x0000000100000000)
  eden space 22016K, 100% used [0x00000000eab00000,0x00000000ec080000,0x00000000ec080000)
  from space 2048K, 94% used [0x00000000ec300000,0x00000000ec4e1c68,0x00000000ec500000)
  to   space 2048K, 0% used [0x00000000ec100000,0x00000000ec100000,0x00000000ec300000)
 ParOldGen       total 68608K, used 30838K [0x00000000c0000000, 0x00000000c4300000, 0x00000000eab00000)
  object space 68608K, 44% used [0x00000000c0000000,0x00000000c1e1dbf0,0x00000000c4300000)
 Metaspace       used 50773K, committed 51712K, reserved 1097728K
  class space    used 5552K, committed 6016K, reserved 1048576K
}
Event: 3.783 GC heap after
{Heap after GC invocations=17 (full 2):
 PSYoungGen      total 24064K, used 2016K [0x00000000eab00000, 0x00000000ec980000, 0x0000000100000000)
  eden space 22016K, 0% used [0x00000000eab00000,0x00000000eab00000,0x00000000ec080000)
  from space 2048K, 98% used [0x00000000ec100000,0x00000000ec2f8010,0x00000000ec300000)
  to   space 4608K, 0% used [0x00000000ec500000,0x00000000ec500000,0x00000000ec980000)
 ParOldGen       total 68608K, used 32722K [0x00000000c0000000, 0x00000000c4300000, 0x00000000eab00000)
  object space 68608K, 47% used [0x00000000c0000000,0x00000000c1ff4bc8,0x00000000c4300000)
 Metaspace       used 50773K, committed 51712K, reserved 1097728K
  class space    used 5552K, committed 6016K, reserved 1048576K
}

